No specific columns were given. Reading all columns.
Normalizing data with MinMaxScaler
Data normalized
Normalizing data with StandardScaler
Data normalized
--------------------------------------------------
Executing function: bivariate_plots
Time elapsed for bivariate_plots:  0:00:00.222341
Parameters used:  {'go.Scatter': {'marker': {'size': 3}, 'mode': 'markers'}}
--------------------------------------------------
Executing function: bivariate_plots_labels
Time elapsed for bivariate_plots_labels:  0:00:00.047338
Parameters used:  {'go.Scatter': {'mode': 'lines'}}
--------------------------------------------------
Executing function: boxplot
Time elapsed for boxplot:  0:00:00.010700
Parameters used:  {'go.Box': {'boxmean': True}}
--------------------------------------------------
Executing function: boxplot_labels
Time elapsed for boxplot_labels:  0:00:00.011487
Parameters used:  {'go.Box': {'boxmean': True}}
--------------------------------------------------
Executing function: complexity_calculator_labels
Error in function: complexity_calculator_labels
'Series' object has no attribute 'astype'
Time elapsed for complexity_calculator_labels:  0:00:00.000753
Parameters used:  {'ComplexityCalculator': {'metrics': [<function f1 at 0x3193ff9c0>, <function f1v at 0x3193ffa60>, <function density at 0x3194584a0>, <function clsCoef at 0x3195e3920>, <function c1 at 0x3195e3c40>], 'mode': 'classification', 'colors': ['#FD0100', '#F76915', '#EEDE04'], 'weights': array([1., 1., 1., 1., 1.]), 'ranges': {'FB': 2, 'NE': 2, 'CI': 1}}}
--------------------------------------------------
Executing function: correlation_heatmap
Error in function: correlation_heatmap
unsupported operand type(s) for /: 'str' and 'int'
Time elapsed for correlation_heatmap:  0:00:00.000528
Parameters used:  {'go.Heatmap': {}, 'method': ['pearson', 'kendall', 'spearman']}
--------------------------------------------------
Executing function: correlation_heatmap_labels
Error in function: correlation_heatmap_labels
unsupported operand type(s) for /: 'str' and 'int'
Time elapsed for correlation_heatmap_labels:  0:00:00.024611
Parameters used:  {'go.Heatmap': {}, 'method': ['pearson', 'kendall', 'spearman']}
--------------------------------------------------
Executing function: describe
Time elapsed for describe:  0:00:00.001255
Normalization used: IncludeNAN
Parameters used:  None
--------------------------------------------------
Executing function: describe_labels
Time elapsed for describe_labels:  0:00:00.003732
Normalization used: IncludeNAN
Parameters used:  None
--------------------------------------------------
Executing function: histogram
Time elapsed for histogram:  0:00:00.012283
Parameters used:  {'go.Histogram': {}}
--------------------------------------------------
Executing function: histogram_labels
Time elapsed for histogram_labels:  0:00:00.013101
Parameters used:  {'go.Histogram': {}}
--------------------------------------------------
Executing function: kmeans
Kmeans 2 clusters
Error in function: kmeans
could not convert string to float: 'Iris-setosa'
Time elapsed for kmeans:  0:00:00.000250
Normalization used: MinMaxScaler
Parameters used:  {'KMeans': {'n_init': 'auto'}, 'go.Scatter': {'mode': 'markers'}, 'number_clusters': [2, 3, 5]}
--------------------------------------------------
Executing function: kmeans_labels
Kmeans 2 clusters
Error in function: kmeans_labels
could not convert string to float: 'Iris-setosa'
Time elapsed for kmeans_labels:  0:00:00.000174
Normalization used: MinMaxScaler
Parameters used:  {'KMeans': {'n_init': 'auto'}, 'go.Scatter': {'mode': 'markers'}, 'number_clusters': [2, 3, 5]}
--------------------------------------------------
Executing function: minisom
Error in function: minisom
unsupported operand type(s) for /: 'str' and 'int'
Time elapsed for minisom:  0:00:00.000285
Normalization used: MinMaxScaler
Parameters used:  {'MiniSom': {}, 'go.Scatter': {'marker': {'size': 3}, 'mode': 'markers'}, 'grid_size': 2, 'train_portion': 0.5}
--------------------------------------------------
Executing function: minisom_labels
Error in function: minisom_labels
unsupported operand type(s) for /: 'str' and 'int'
Time elapsed for minisom_labels:  0:00:00.000217
Normalization used: MinMaxScaler
Parameters used:  {'MiniSom': {}, 'go.Scatter': {'mode': 'markers'}, 'grid_size': 2, 'train_portion': 0.1}
--------------------------------------------------
Executing function: pca
Error in function: pca
could not convert string to float: 'Iris-setosa'
Time elapsed for pca:  0:00:00.000162
Normalization used: StandardScaler
Parameters used:  {'2D': {'PCA': {}, 'go.Scatter': {'marker': {'size': 3}, 'mode': 'markers'}}, '3D': {'PCA': {}, 'go.Scatter3d': {'marker': {'size': 3}, 'mode': 'markers'}}}
--------------------------------------------------
Executing function: pca_labels
Error in function: pca_labels
could not convert string to float: 'Iris-setosa'
Time elapsed for pca_labels:  0:00:00.000145
Normalization used: StandardScaler
Parameters used:  {'2D': {'PCA': {}, 'go.Scatter': {'marker': {'size': 3}, 'mode': 'markers'}}, '3D': {'PCA': {}, 'go.Scatter3d': {'marker': {'size': 3}, 'mode': 'markers'}}}
--------------------------------------------------
Executing function: qq_plot
Error in function: qq_plot
ufunc 'add' did not contain a loop with signature matching types (dtype('<U15'), dtype('<U15')) -> None
Time elapsed for qq_plot:  0:00:00.140170
Parameters used:  None
--------------------------------------------------
Executing function: qq_plot_labels
Error in function: qq_plot_labels
ufunc 'add' did not contain a loop with signature matching types (dtype('<U11'), dtype('<U11')) -> None
Time elapsed for qq_plot_labels:  0:00:00.180202
Parameters used:  None
--------------------------------------------------
Executing function: tsne
Error in function: tsne
could not convert string to float: 'Iris-setosa'
Time elapsed for tsne:  0:00:00.000264
Parameters used:  {'2D': {'TSNE': {}, 'go.Scatter': {'marker': {'size': 3}, 'mode': 'markers'}}, '3D': {'TSNE': {}, 'go.Scatter3d': {'marker': {'size': 3}, 'mode': 'markers'}}}
--------------------------------------------------
Executing function: tsne_labels
Error in function: tsne_labels
could not convert string to float: 'Iris-setosa'
Time elapsed for tsne_labels:  0:00:00.000202
Parameters used:  {'2D': {'TSNE': {}, 'go.Scatter': {'mode': 'markers'}}, '3D': {'TSNE': {}, 'go.Scatter3d': {'mode': 'markers'}}}
--------------------------------------------------
Executing function: umap
Error in function: umap
could not convert string to float: 'Iris-setosa'
Time elapsed for umap:  0:00:00.000093
Normalization used: StandardScaler
Parameters used:  {'2D': {'UMAP': {}, 'go.Scatter': {'marker': {'size': 3}, 'mode': 'markers'}}, '3D': {'UMAP': {}, 'go.Scatter3d': {'marker': {'size': 3}, 'mode': 'markers'}}}
--------------------------------------------------
Executing function: umap_labels
Error in function: umap_labels
could not convert string to float: 'Iris-setosa'
Time elapsed for umap_labels:  0:00:00.000109
Normalization used: StandardScaler
Parameters used:  {'2D': {'UMAP': {}, 'go.Scatter': {'mode': 'markers'}}, '3D': {'UMAP': {}, 'go.Scatter3d': {'mode': 'markers'}}}
--------------------------------------------------
Executing function: univariate_plots
Time elapsed for univariate_plots:  0:00:00.013576
Parameters used:  {'go.Scatter': {'marker': {'size': 3}, 'mode': 'lines'}}
--------------------------------------------------
Executing function: univariate_plots_labels
Time elapsed for univariate_plots_labels:  0:00:00.015090
Parameters used:  {'go.Scatter': {'marker': {'size': 3}, 'mode': 'lines'}}
--------------------------------------------------
Executing function: univariate_plots_time
Error in function: univariate_plots_time
("Cannot Plot 'univariate_plots_time' without 'date_column_name'. Available columns:", ['Id', 'SepalLengthCm', 'SepalWidthCm', 'PetalLengthCm', 'PetalWidthCm', 'Species'])
Time elapsed for univariate_plots_time:  0:00:00.000012
Parameters used:  {'go.Scatter': {'marker': {'size': 3}, 'mode': 'markers'}}
--------------------------------------------------
Executing function: univariate_plots_time_labels
Error in function: univariate_plots_time_labels
("Cannot Plot 'univariate_plots_time_labels' without 'date_column_name'. Available columns:", ['Id', 'SepalLengthCm', 'SepalWidthCm', 'PetalLengthCm', 'PetalWidthCm', 'Species'])
Time elapsed for univariate_plots_time_labels:  0:00:00.000007
Parameters used:  {'go.Scatter': {'marker': {'size': 3}, 'mode': 'markers'}}
--------------------------------------------------
Executing function: violinplot
Time elapsed for violinplot:  0:00:00.011558
Parameters used:  {'go.Violin': {'box_visible': True, 'meanline_visible': True}}
--------------------------------------------------
Executing function: violinplot_labels
Time elapsed for violinplot_labels:  0:00:00.018297
Parameters used:  {'go.Violin': {'box_visible': True, 'meanline_visible': True}}
--------------------------------------------------
Index written to /Users/vascocosta/Library/CloudStorage/OneDrive-UniversidadedeAveiro/BOLSA/TESE/automatic_eda_polars/output_iris/index.html
Time elapsed: 0:00:00.806727
